<?xml version="1.0" encoding="UTF-8"?>
<!-- Generated by org.testng.reporters.JUnitReportReporter -->
<testsuite hostname="LAPTOP-V8I1T5HB" failures="0" tests="6" name="com.datadriven.test.SignUpTest" time="26.585" errors="0" timestamp="2021-11-26T17:01:44 IST" skipped="0">
  <testcase classname="com.datadriven.test.SignUpTest" name="signUpTest" time="5.534"/>
  <system-out/>
  <testcase classname="com.datadriven.test.SignUpTest" name="signUpTest" time="4.211"/>
  <system-out/>
  <testcase classname="com.datadriven.test.SignUpTest" name="signUpTest" time="4.363"/>
  <system-out/>
  <testcase classname="com.datadriven.test.SignUpTest" name="signUpTest" time="4.160"/>
  <system-out/>
  <testcase classname="com.datadriven.test.SignUpTest" name="signUpTest" time="3.996"/>
  <system-out/>
  <testcase classname="com.datadriven.test.SignUpTest" name="signUpTest" time="4.321"/>
  <system-out/>
</testsuite> <!-- com.datadriven.test.SignUpTest -->
