<?xml version="1.0" encoding="UTF-8"?>
<!-- Generated by org.testng.reporters.JUnitReportReporter -->
<testsuite hostname="LAPTOP-V8I1T5HB" failures="0" tests="4" name="DataDrivenFramework.LoginWithDataInside" time="24.293" errors="0" timestamp="2021-11-17T12:39:22 IST" skipped="0">
  <testcase classname="DataDrivenFramework.LoginWithDataInside" name="BothCorrect" time="5.183"/>
  <system-out/>
  <testcase classname="DataDrivenFramework.LoginWithDataInside" name="BothCorrect" time="8.580"/>
  <system-out/>
  <testcase classname="DataDrivenFramework.LoginWithDataInside" name="BothCorrect" time="4.912"/>
  <system-out/>
  <testcase classname="DataDrivenFramework.LoginWithDataInside" name="BothCorrect" time="5.618"/>
  <system-out/>
</testsuite> <!-- DataDrivenFramework.LoginWithDataInside -->
