<?xml version="1.0" encoding="UTF-8"?>
<!-- Generated by org.testng.reporters.JUnitReportReporter -->
<testsuite hostname="LAPTOP-V8I1T5HB" failures="0" tests="1" name="DataDrivenFramework.UsernameCorrect" time="4.566" errors="0" timestamp="2021-11-17T12:14:50 IST" skipped="0">
  <testcase classname="DataDrivenFramework.UsernameCorrect" name="loginWithPasswordCorrect" time="4.566"/>
  <system-out/>
</testsuite> <!-- DataDrivenFramework.UsernameCorrect -->
