<?xml version="1.0" encoding="UTF-8"?>
<!-- Generated by org.testng.reporters.JUnitReportReporter -->
<testsuite hostname="LAPTOP-V8I1T5HB" failures="0" tests="1" name="DataDrivenFramework.PasswordCorrect" time="3.885" errors="0" timestamp="2021-11-17T12:14:50 IST" skipped="0">
  <testcase classname="DataDrivenFramework.PasswordCorrect" name="loginWithPasswordCorrect" time="3.885"/>
  <system-out/>
</testsuite> <!-- DataDrivenFramework.PasswordCorrect -->
